<?xml version="1.0" encoding="UTF-8"?>
<testsuite name="com.gorest.goresttestsuite.UserDataDrivenTest" time="0" tests="1" errors="1" skipped="0" failures="0">
  <properties>
[...]
</properties>
  <testcase name="initializationError" classname="com.gorest.goresttestsuite.UserDataDrivenTest" time="0">
    <error message="No test data file found for path: src\test\java\com\gorest\testdata\userinfo.csv" type="java.lang.IllegalArgumentException"><![CDATA[java.lang.IllegalArgumentException: No test data file found for path: src\test\java\com\gorest\testdata\userinfo.csv
	at net.serenitybdd.junit.runners.DataDrivenAnnotations.findTestDataSource(DataDrivenAnnotations.java:151)
	at net.serenitybdd.junit.runners.DataDrivenAnnotations.hasTestDataSourceDefined(DataDrivenAnnotations.java:170)
	at net.serenitybdd.junit.runners.SerenityParameterizedRunner.<init>(SerenityParameterizedRunner.java:65)
	at net.serenitybdd.junit.runners.SerenityParameterizedRunner.<init>(SerenityParameterizedRunner.java:173)
	at sun.reflect.NativeConstructorAccessorImpl.newInstance0(Native Method)
	at sun.reflect.NativeConstructorAccessorImpl.newInstance(NativeConstructorAccessorImpl.java:62)
	at sun.reflect.DelegatingConstructorAccessorImpl.newInstance(DelegatingConstructorAccessorImpl.java:45)
	at java.lang.reflect.Constructor.newInstance(Constructor.java:423)
	at org.junit.internal.builders.AnnotatedBuilder.buildRunner(AnnotatedBuilder.java:104)
	at org.junit.internal.builders.AnnotatedBuilder.runnerForClass(AnnotatedBuilder.java:86)
	at org.junit.runners.model.RunnerBuilder.safeRunnerForClass(RunnerBuilder.java:59)
	at org.junit.internal.builders.AllDefaultPossibilitiesBuilder.runnerForClass(AllDefaultPossibilitiesBuilder.java:26)
	at org.junit.runners.model.RunnerBuilder.safeRunnerForClass(RunnerBuilder.java:59)
	at org.junit.internal.requests.ClassRequest.getRunner(ClassRequest.java:33)
	at org.apache.maven.surefire.junit4.JUnit4Provider.execute(JUnit4Provider.java:283)
	at org.apache.maven.surefire.junit4.JUnit4Provider.executeWithRerun(JUnit4Provider.java:173)
	at org.apache.maven.surefire.junit4.JUnit4Provider.executeTestSet(JUnit4Provider.java:153)
	at org.apache.maven.surefire.junit4.JUnit4Provider.invoke(JUnit4Provider.java:128)
	at org.apache.maven.surefire.booter.ForkedBooter.invokeProviderInSameClassLoader(ForkedBooter.java:203)
	at org.apache.maven.surefire.booter.ForkedBooter.runSuitesInProcess(ForkedBooter.java:155)
	at org.apache.maven.surefire.booter.ForkedBooter.main(ForkedBooter.java:103)
]]></error>
    <system-err><![CDATA[9797 [main] ERROR net.serenitybdd.core.Serenity - 
           __  _____ _____ ____ _____   _____ _    ___ _     _____ ____  
  _       / / |_   _| ____/ ___|_   _| |  ___/ \  |_ _| |   | ____|  _ \ 
 (_)_____| |    | | |  _| \___ \ | |   | |_ / _ \  | || |   |  _| | | | |
  _|_____| |    | | | |___ ___) || |   |  _/ ___ \ | || |___| |___| |_| |
 (_)     | |    |_| |_____|____/ |_|   |_|/_/   \_\___|_____|_____|____/ 
          \_\                                                            

TEST FAILED: This method will delete the existing record
--------------------------------------------------------------------------
9797 [main] ERROR net.serenitybdd.core.Serenity - 1 expectation failed.Expected status code <204> but was <404>.
9947 [pool-1-thread-2] INFO net.thucydides.core.reports.json.JSONTestOutcomeReporter - Generating JSON report for This method will update the existing record to file C:\Users\viren\IdeaProjects\gorest-serenity-cucumber-wk-19-virenpatel\target\site\serenity\69fae060789a2acc46d66d3434a2f1b4b18f59f580dea05484cee2ea59f78f15.json (using temp file C:\Users\viren\IdeaProjects\gorest-serenity-cucumber-wk-19-virenpatel\target\site\serenity\69fae060789a2acc46d66d3434a2f1b4b18f59f580dea05484cee2ea59f78f15.json03faf581-eca7-4b73-a472-341d2c2cc61d)
9947 [pool-1-thread-3] INFO net.thucydides.core.reports.json.JSONTestOutcomeReporter - Generating JSON report for This method will delete the existing record to file C:\Users\viren\IdeaProjects\gorest-serenity-cucumber-wk-19-virenpatel\target\site\serenity\09bb50c00907cdd0d5574eb9af0b301334c53c8273843018f5470661a94c02bd.json (using temp file C:\Users\viren\IdeaProjects\gorest-serenity-cucumber-wk-19-virenpatel\target\site\serenity\09bb50c00907cdd0d5574eb9af0b301334c53c8273843018f5470661a94c02bd.json831dcf74-3e9d-4829-82f5-eae6c62b938e)
9947 [pool-1-thread-1] INFO net.thucydides.core.reports.json.JSONTestOutcomeReporter - Generating JSON report for This method will create a new users record and verify it by its ID to file C:\Users\viren\IdeaProjects\gorest-serenity-cucumber-wk-19-virenpatel\target\site\serenity\63c07dbb912d26c497b1802f73021fd0c6dafa51d15d3be804d0000d60baf08b.json (using temp file C:\Users\viren\IdeaProjects\gorest-serenity-cucumber-wk-19-virenpatel\target\site\serenity\63c07dbb912d26c497b1802f73021fd0c6dafa51d15d3be804d0000d60baf08b.json356a6cb2-cb0c-4571-bc0e-4f2982843d91)
10315 [pool-2-thread-1] INFO net.thucydides.core.reports.html.HtmlAcceptanceTestReporter - GENERATING HTML REPORT FOR Go rest CURD test:test002 in 63c07dbb912d26c497b1802f73021fd0c6dafa51d15d3be804d0000d60baf08b.html in directory target\site\serenity  
10315 [pool-2-thread-2] INFO net.thucydides.core.reports.html.HtmlAcceptanceTestReporter - GENERATING HTML REPORT FOR Go rest CURD test:test003 in 69fae060789a2acc46d66d3434a2f1b4b18f59f580dea05484cee2ea59f78f15.html in directory target\site\serenity  
10316 [pool-2-thread-3] INFO net.thucydides.core.reports.html.HtmlAcceptanceTestReporter - GENERATING HTML REPORT FOR Go rest CURD test:test004 in 09bb50c00907cdd0d5574eb9af0b301334c53c8273843018f5470661a94c02bd.html in directory target\site\serenity  
]]></system-err>
  </testcase>
</testsuite>